{
  "RSpec": {
    "coverage": {
      "/Users/apprentice/Basecramp/app/models/user.rb": [
        1,
        null,
        null,
        null,
        1,
        null,
        null,
        1,
        null,
        null,
        1,
        null
      ],
      "/Users/apprentice/Basecramp/app/controllers/application_controller.rb": [
        1,
        1,
        null
      ],
      "/Users/apprentice/Basecramp/app/helpers/application_helper.rb": [
        1,
        null
      ],
      "/Users/apprentice/Basecramp/app/helpers/lists_helper.rb": [
        1,
        null
      ],
      "/Users/apprentice/Basecramp/app/helpers/projects_helper.rb": [
        1,
        null,
        null,
        null,
        null,
        null,
        null,
        null,
        null
      ],
      "/Users/apprentice/Basecramp/app/helpers/todos_helper.rb": [
        1,
        null
      ],
      "/Users/apprentice/Basecramp/app/controllers/lists_controller.rb": [
        1,
        null,
        1,
        0,
        null,
        null,
        1,
        0,
        0,
        0,
        0,
        0,
        null,
        null,
        0,
        null,
        null,
        null,
        1,
        null,
        null,
        1,
        null,
        null,
        1,
        null,
        null,
        1,
        null,
        null,
        1,
        null,
        null,
        null
      ],
      "/Users/apprentice/Basecramp/app/models/list.rb": [
        1,
        1,
        null,
        1,
        null,
        1,
        null,
        null
      ],
      "/Users/apprentice/Basecramp/app/controllers/projects_controller.rb": [
        1,
        1,
        null,
        1,
        2,
        2,
        null,
        null,
        1,
        0,
        null,
        null,
        1,
        0,
        0,
        0,
        0,
        null,
        0,
        null,
        null,
        null,
        1,
        0,
        0,
        0,
        0,
        null,
        null,
        1,
        null,
        null,
        1,
        null,
        null,
        1,
        null,
        null,
        null
      ],
      "/Users/apprentice/Basecramp/app/models/project.rb": [
        1,
        null,
        1,
        1,
        1,
        1,
        null,
        null
      ],
      "/Users/apprentice/Basecramp/app/controllers/todos_controller.rb": [
        1,
        1,
        1,
        null,
        null,
        1,
        1,
        null,
        null,
        1,
        1,
        1,
        0,
        null,
        1,
        null,
        null,
        null,
        1,
        0,
        null,
        null,
        1,
        null,
        null,
        1,
        null,
        null,
        1,
        null,
        null
      ],
      "/Users/apprentice/Basecramp/app/models/todo.rb": [
        1,
        1,
        1,
        null,
        1,
        null
      ]
    },
    "timestamp": 1343971822
  }
}
